<?xml version="1.0" encoding="UTF-8"?>
<!-- Generated by org.testng.reporters.JUnitReportReporter -->
<testsuite hostname="MX-IT-ANARUIZ2" failures="0" tests="1" name="com.demoqa.TextBoxTest" time="3.518" errors="0" timestamp="2024-02-15T14:52:24 CST" skipped="0">
  <testcase classname="com.demoqa.TextBoxTest" name="FillTextBoxPage" time="3.518"/>
</testsuite> <!-- com.demoqa.TextBoxTest -->
