<?xml version="1.0" encoding="UTF-8"?>
<!-- Generated by org.testng.reporters.JUnitReportReporter -->
<testsuite hostname="MX-IT-ANARUIZ2" failures="0" tests="1" name="com.demoqa.RadioButtonTest" time="2.270" errors="0" timestamp="2024-02-15T14:29:38 CST" skipped="0">
  <testcase classname="com.demoqa.RadioButtonTest" name="GoToRadioButtonPage" time="2.270"/>
</testsuite> <!-- com.demoqa.RadioButtonTest -->
